<?xml version="1.0" encoding="UTF-8"?>
<!-- Generated by org.testng.reporters.JUnitXMLReporter -->
<testsuite hostname="Shesharm-VAIO" name="Capture captcha" tests="2" failures="1" timestamp="30 Apr 2015 04:34:20 GMT" time="34.857" errors="0">
  <testcase name="OpenBrowser" time="3.7" classname="com.learning.general.Highlight">
    <failure type="org.openqa.selenium.WebDriverException" message="arguments[0].setAtrribute is not a function
Command duration or timeout: 328 milliseconds
Build info: version: &amp;apos;2.45.0&amp;apos;, revision: &amp;apos;32a636c&amp;apos;, time: &amp;apos;2015-03-05 22:01:35&amp;apos;
System info: host: &amp;apos;Shesharm-VAIO&amp;apos;, ip: &amp;apos;192.168.1.8&amp;apos;, os.name: &amp;apos;Windows 7&amp;apos;, os.arch: &amp;apos;amd64&amp;apos;, os.version: &amp;apos;6.1&amp;apos;, java.version: &amp;apos;1.7.0_17&amp;apos;
Session ID: 65c2d9a3-8642-4a18-bcef-a457ba42f1de
Driver info: org.openqa.selenium.firefox.FirefoxDriver
Capabilities [{platform=WINDOWS, acceptSslCerts=true, javascriptEnabled=true, cssSelectorsEnabled=true, databaseEnabled=true, browserName=firefox, handlesAlerts=true, browserConnectionEnabled=true, nativeEvents=false, webStorageEnabled=true, rotatable=false, locationContextEnabled=true, applicationCacheEnabled=true, takesScreenshot=true, version=29.0}]">
      <![CDATA[org.openqa.selenium.WebDriverException: arguments[0].setAtrribute is not a function
Command duration or timeout: 328 milliseconds
Build info: version: '2.45.0', revision: '32a636c', time: '2015-03-05 22:01:35'
System info: host: 'Shesharm-VAIO', ip: '192.168.1.8', os.name: 'Windows 7', os.arch: 'amd64', os.version: '6.1', java.version: '1.7.0_17'
Session ID: 65c2d9a3-8642-4a18-bcef-a457ba42f1de
Driver info: org.openqa.selenium.firefox.FirefoxDriver
Capabilities [{platform=WINDOWS, acceptSslCerts=true, javascriptEnabled=true, cssSelectorsEnabled=true, databaseEnabled=true, browserName=firefox, handlesAlerts=true, browserConnectionEnabled=true, nativeEvents=false, webStorageEnabled=true, rotatable=false, locationContextEnabled=true, applicationCacheEnabled=true, takesScreenshot=true, version=29.0}]
	at org.openqa.selenium.remote.ErrorHandler.createThrowable(ErrorHandler.java:204)
	at org.openqa.selenium.remote.ErrorHandler.throwIfResponseFailed(ErrorHandler.java:156)
	at org.openqa.selenium.remote.RemoteWebDriver.execute(RemoteWebDriver.java:599)
	at org.openqa.selenium.remote.RemoteWebDriver.executeScript(RemoteWebDriver.java:508)
	at com.learning.general.Highlight.highlight(Highlight.java:39)
	at com.learning.general.Highlight.OpenBrowser(Highlight.java:30)
Caused by: org.openqa.selenium.WebDriverException: arguments[0].setAtrribute is not a function
Build info: version: '2.45.0', revision: '32a636c', time: '2015-03-05 22:01:35'
System info: host: 'Shesharm-VAIO', ip: '192.168.1.8', os.name: 'Windows 7', os.arch: 'amd64', os.version: '6.1', java.version: '1.7.0_17'
Driver info: driver.version: unknown
	at <anonymous class>.anonymous(https://www.google.co.in/?gws_rd=ssl:68)
	at <anonymous class>.handleEvaluateEvent(https://www.google.co.in/?gws_rd=ssl:68)
... Removed 28 stack frames]]>
    </failure>
  </testcase> <!-- OpenBrowser -->
  <testcase name="highlight" time="0.003" classname="com.learning.general.Highlight">
    <skipped/>
  </testcase> <!-- highlight -->
</testsuite> <!-- Capture captcha -->
